# JRE version: Java(TM) SE Runtime Environment (8.0_112-b15) (build 1.8.0_112-b15)
# Java VM: Java HotSpot(TM) 64-Bit Server VM (25.112-b15 mixed mode windows-amd64 compressed oops)
Heap:
 PSYoungGen      total 524800K, used 40992K [0x0000000782400000, 0x00000007a3880000, 0x00000007c0000000)
  eden space 504320K, 4% used [0x0000000782400000,0x000000078380a540,0x00000007a1080000)
  from space 20480K, 99% used [0x00000007a1080000,0x00000007a247de50,0x00000007a2480000)
  to   space 16384K, 0% used [0x00000007a2600000,0x00000007a2600000,0x00000007a3600000)
 ParOldGen       total 109056K, used 27622K [0x0000000706c00000, 0x000000070d680000, 0x0000000782400000)
  object space 109056K, 25% used [0x0000000706c00000,0x00000007086f9bb0,0x000000070d680000)
 Metaspace       used 50758K, capacity 51532K, committed 51968K, reserved 1095680K
  class space    used 6400K, capacity 6624K, committed 6656K, reserved 1048576K
GC Heap History (10 events):
Event: 21.675 GC heap before
{Heap before GC invocations=7 (full 1):
 PSYoungGen      total 200192K, used 200162K [0x0000000782400000, 0x0000000797a00000, 0x00000007c0000000)
  eden space 192512K, 100% used [0x0000000782400000,0x000000078e000000,0x000000078e000000)
  from space 7680K, 99% used [0x000000078e000000,0x000000078e7788f8,0x000000078e780000)
  to   space 15360K, 0% used [0x0000000796b00000,0x0000000796b00000,0x0000000797a00000)
 ParOldGen       total 72704K, used 13844K [0x0000000706c00000, 0x000000070b300000, 0x0000000782400000)
  object space 72704K, 19% used [0x0000000706c00000,0x0000000707985018,0x000000070b300000)
 Metaspace       used 33535K, capacity 34004K, committed 34432K, reserved 1079296K
  class space    used 4253K, capacity 4388K, committed 4480K, reserved 1048576K
Event: 21.723 GC heap after
Heap after GC invocations=7 (full 1):
 PSYoungGen      total 324096K, used 11679K [0x0000000782400000, 0x0000000797680000, 0x00000007c0000000)
  eden space 312320K, 0% used [0x0000000782400000,0x0000000782400000,0x0000000795500000)
  from space 11776K, 99% used [0x0000000796b00000,0x0000000797667f18,0x0000000797680000)
  to   space 15872K, 0% used [0x0000000795780000,0x0000000795780000,0x0000000796700000)
 ParOldGen       total 72704K, used 13852K [0x0000000706c00000, 0x000000070b300000, 0x0000000782400000)
  object space 72704K, 19% used [0x0000000706c00000,0x0000000707987018,0x000000070b300000)
 Metaspace       used 33535K, capacity 34004K, committed 34432K, reserved 1079296K
  class space    used 4253K, capacity 4388K, committed 4480K, reserved 1048576K
}
Event: 22.992 GC heap before
{Heap before GC invocations=8 (full 1):
 PSYoungGen      total 324096K, used 136777K [0x0000000782400000, 0x0000000797680000, 0x00000007c0000000)
  eden space 312320K, 40% used [0x0000000782400000,0x0000000789e2a740,0x0000000795500000)
  from space 11776K, 99% used [0x0000000796b00000,0x0000000797667f18,0x0000000797680000)
  to   space 15872K, 0% used [0x0000000795780000,0x0000000795780000,0x0000000796700000)
 ParOldGen       total 72704K, used 13852K [0x0000000706c00000, 0x000000070b300000, 0x0000000782400000)
  object space 72704K, 19% used [0x0000000706c00000,0x0000000707987018,0x000000070b300000)
 Metaspace       used 34818K, capacity 35200K, committed 35496K, reserved 1081344K
  class space    used 4438K, capacity 4550K, committed 4608K, reserved 1048576K
Event: 23.014 GC heap after
Heap after GC invocations=8 (full 1):
 PSYoungGen      total 330752K, used 12125K [0x0000000782400000, 0x00000007a3600000, 0x00000007c0000000)
  eden space 314880K, 0% used [0x0000000782400000,0x0000000782400000,0x0000000795780000)
  from space 15872K, 76% used [0x0000000795780000,0x00000007963576b0,0x0000000796700000)
  to   space 16384K, 0% used [0x00000007a2600000,0x00000007a2600000,0x00000007a3600000)
 ParOldGen       total 72704K, used 13852K [0x0000000706c00000, 0x000000070b300000, 0x0000000782400000)
  object space 72704K, 19% used [0x0000000706c00000,0x0000000707987018,0x000000070b300000)
 Metaspace       used 34818K, capacity 35200K, committed 35496K, reserved 1081344K
  class space    used 4438K, capacity 4550K, committed 4608K, reserved 1048576K
}
Event: 23.014 GC heap before
{Heap before GC invocations=9 (full 2):
 PSYoungGen      total 330752K, used 12125K [0x0000000782400000, 0x00000007a3600000, 0x00000007c0000000)
  eden space 314880K, 0% used [0x0000000782400000,0x0000000782400000,0x0000000795780000)
  from space 15872K, 76% used [0x0000000795780000,0x00000007963576b0,0x0000000796700000)
  to   space 16384K, 0% used [0x00000007a2600000,0x00000007a2600000,0x00000007a3600000)
 ParOldGen       total 72704K, used 13852K [0x0000000706c00000, 0x000000070b300000, 0x0000000782400000)
  object space 72704K, 19% used [0x0000000706c00000,0x0000000707987018,0x000000070b300000)
 Metaspace       used 34818K, capacity 35200K, committed 35496K, reserved 1081344K
  class space    used 4438K, capacity 4550K, committed 4608K, reserved 1048576K
Event: 23.143 GC heap after
Heap after GC invocations=9 (full 2):
 PSYoungGen      total 330752K, used 0K [0x0000000782400000, 0x00000007a3600000, 0x00000007c0000000)
  eden space 314880K, 0% used [0x0000000782400000,0x0000000782400000,0x0000000795780000)
  from space 15872K, 0% used [0x0000000795780000,0x0000000795780000,0x0000000796700000)
  to   space 16384K, 0% used [0x00000007a2600000,0x00000007a2600000,0x00000007a3600000)
 ParOldGen       total 109056K, used 17665K [0x0000000706c00000, 0x000000070d680000, 0x0000000782400000)
  object space 109056K, 16% used [0x0000000706c00000,0x0000000707d40408,0x000000070d680000)
 Metaspace       used 34818K, capacity 35200K, committed 35496K, reserved 1081344K
  class space    used 4438K, capacity 4550K, committed 4608K, reserved 1048576K
}
Event: 29.594 GC heap before
{Heap before GC invocations=10 (full 2):
 PSYoungGen      total 330752K, used 314880K [0x0000000782400000, 0x00000007a3600000, 0x00000007c0000000)
  eden space 314880K, 100% used [0x0000000782400000,0x0000000795780000,0x0000000795780000)
  from space 15872K, 0% used [0x0000000795780000,0x0000000795780000,0x0000000796700000)
  to   space 16384K, 0% used [0x00000007a2600000,0x00000007a2600000,0x00000007a3600000)
 ParOldGen       total 109056K, used 17665K [0x0000000706c00000, 0x000000070d680000, 0x0000000782400000)
  object space 109056K, 16% used [0x0000000706c00000,0x0000000707d40408,0x000000070d680000)
 Metaspace       used 43806K, capacity 44350K, committed 44928K, reserved 1089536K
  class space    used 5577K, capacity 5725K, committed 5760K, reserved 1048576K
Event: 29.628 GC heap after
Heap after GC invocations=10 (full 2):
 PSYoungGen      total 520704K, used 16363K [0x0000000782400000, 0x00000007a3880000, 0x00000007c0000000)
  eden space 504320K, 0% used [0x0000000782400000,0x0000000782400000,0x00000007a1080000)
  from space 16384K, 99% used [0x00000007a2600000,0x00000007a35fae00,0x00000007a3600000)
  to   space 20480K, 0% used [0x00000007a1080000,0x00000007a1080000,0x00000007a2480000)
 ParOldGen       total 109056K, used 21362K [0x0000000706c00000, 0x000000070d680000, 0x0000000782400000)
  object space 109056K, 19% used [0x0000000706c00000,0x00000007080dcbd0,0x000000070d680000)
 Metaspace       used 43806K, capacity 44350K, committed 44928K, reserved 1089536K
  class space    used 5577K, capacity 5725K, committed 5760K, reserved 1048576K
}
Event: 148.310 GC heap before
{Heap before GC invocations=11 (full 2):
 PSYoungGen      total 520704K, used 520683K [0x0000000782400000, 0x00000007a3880000, 0x00000007c0000000)
  eden space 504320K, 100% used [0x0000000782400000,0x00000007a1080000,0x00000007a1080000)
  from space 16384K, 99% used [0x00000007a2600000,0x00000007a35fae00,0x00000007a3600000)
  to   space 20480K, 0% used [0x00000007a1080000,0x00000007a1080000,0x00000007a2480000)
 ParOldGen       total 109056K, used 21362K [0x0000000706c00000, 0x000000070d680000, 0x0000000782400000)
  object space 109056K, 19% used [0x0000000706c00000,0x00000007080dcbd0,0x000000070d680000)
 Metaspace       used 49777K, capacity 50470K, committed 50816K, reserved 1093632K
  class space    used 6282K, capacity 6463K, committed 6528K, reserved 1048576K
Event: 148.362 GC heap after
Heap after GC invocations=11 (full 2):
 PSYoungGen      total 524800K, used 20471K [0x0000000782400000, 0x00000007a3880000, 0x00000007c0000000)
  eden space 504320K, 0% used [0x0000000782400000,0x0000000782400000,0x00000007a1080000)
  from space 20480K, 99% used [0x00000007a1080000,0x00000007a247de50,0x00000007a2480000)
  to   space 16384K, 0% used [0x00000007a2600000,0x00000007a2600000,0x00000007a3600000)
 ParOldGen       total 109056K, used 27622K [0x0000000706c00000, 0x000000070d680000, 0x0000000782400000)
  object space 109056K, 25% used [0x0000000706c00000,0x00000007086f9bb0,0x000000070d680000)
 Metaspace       used 49777K, capacity 50470K, committed 50816K, reserved 1093632K
  class space    used 6282K, capacity 6463K, committed 6528K, reserved 1048576K
}

