# JRE version: Java(TM) SE Runtime Environment (8.0_112-b15) (build 1.8.0_112-b15)
# Java VM: Java HotSpot(TM) 64-Bit Server VM (25.112-b15 mixed mode windows-amd64 compressed oops)
Heap:
 PSYoungGen      total 534528K, used 195063K [0x0000000782400000, 0x00000007a4f00000, 0x00000007c0000000)
  eden space 512512K, 33% used [0x0000000782400000,0x000000078ccff950,0x00000007a1880000)
  from space 22016K, 99% used [0x00000007a3980000,0x00000007a4efe2d0,0x00000007a4f00000)
  to   space 25600K, 0% used [0x00000007a1d00000,0x00000007a1d00000,0x00000007a3600000)
 ParOldGen       total 105472K, used 27548K [0x0000000706c00000, 0x000000070d300000, 0x0000000782400000)
  object space 105472K, 26% used [0x0000000706c00000,0x00000007086e7288,0x000000070d300000)
 Metaspace       used 52492K, capacity 53386K, committed 53504K, reserved 1095680K
  class space    used 6670K, capacity 6887K, committed 6912K, reserved 1048576K
GC Heap History (10 events):
Event: 28.924 GC heap before
{Heap before GC invocations=8 (full 1):
 PSYoungGen      total 237568K, used 42129K [0x0000000782400000, 0x0000000795d80000, 0x00000007c0000000)
  eden space 223232K, 13% used [0x0000000782400000,0x00000007841846b0,0x000000078fe00000)
  from space 14336K, 83% used [0x0000000790c80000,0x000000079181fd98,0x0000000791a80000)
  to   space 14848K, 0% used [0x000000078fe00000,0x000000078fe00000,0x0000000790c80000)
 ParOldGen       total 83456K, used 17450K [0x0000000706c00000, 0x000000070bd80000, 0x0000000782400000)
  object space 83456K, 20% used [0x0000000706c00000,0x0000000707d0abb0,0x000000070bd80000)
 Metaspace       used 34773K, capacity 35188K, committed 35496K, reserved 1081344K
  class space    used 4420K, capacity 4549K, committed 4608K, reserved 1048576K
Event: 29.064 GC heap after
Heap after GC invocations=8 (full 1):
 PSYoungGen      total 238080K, used 11188K [0x0000000782400000, 0x000000079b200000, 0x00000007c0000000)
  eden space 223232K, 0% used [0x0000000782400000,0x0000000782400000,0x000000078fe00000)
  from space 14848K, 75% used [0x000000078fe00000,0x00000007908ed308,0x0000000790c80000)
  to   space 14848K, 0% used [0x000000079a380000,0x000000079a380000,0x000000079b200000)
 ParOldGen       total 83456K, used 17458K [0x0000000706c00000, 0x000000070bd80000, 0x0000000782400000)
  object space 83456K, 20% used [0x0000000706c00000,0x0000000707d0cbb0,0x000000070bd80000)
 Metaspace       used 34773K, capacity 35188K, committed 35496K, reserved 1081344K
  class space    used 4420K, capacity 4549K, committed 4608K, reserved 1048576K
}
Event: 29.064 GC heap before
{Heap before GC invocations=9 (full 2):
 PSYoungGen      total 238080K, used 11188K [0x0000000782400000, 0x000000079b200000, 0x00000007c0000000)
  eden space 223232K, 0% used [0x0000000782400000,0x0000000782400000,0x000000078fe00000)
  from space 14848K, 75% used [0x000000078fe00000,0x00000007908ed308,0x0000000790c80000)
  to   space 14848K, 0% used [0x000000079a380000,0x000000079a380000,0x000000079b200000)
 ParOldGen       total 83456K, used 17458K [0x0000000706c00000, 0x000000070bd80000, 0x0000000782400000)
  object space 83456K, 20% used [0x0000000706c00000,0x0000000707d0cbb0,0x000000070bd80000)
 Metaspace       used 34773K, capacity 35188K, committed 35496K, reserved 1081344K
  class space    used 4420K, capacity 4549K, committed 4608K, reserved 1048576K
Event: 29.331 GC heap after
Heap after GC invocations=9 (full 2):
 PSYoungGen      total 238080K, used 0K [0x0000000782400000, 0x000000079b200000, 0x00000007c0000000)
  eden space 223232K, 0% used [0x0000000782400000,0x0000000782400000,0x000000078fe00000)
  from space 14848K, 0% used [0x000000078fe00000,0x000000078fe00000,0x0000000790c80000)
  to   space 14848K, 0% used [0x000000079a380000,0x000000079a380000,0x000000079b200000)
 ParOldGen       total 105472K, used 16120K [0x0000000706c00000, 0x000000070d300000, 0x0000000782400000)
  object space 105472K, 15% used [0x0000000706c00000,0x0000000707bbe0d0,0x000000070d300000)
 Metaspace       used 34773K, capacity 35188K, committed 35496K, reserved 1081344K
  class space    used 4420K, capacity 4549K, committed 4608K, reserved 1048576K
}
Event: 36.039 GC heap before
{Heap before GC invocations=10 (full 2):
 PSYoungGen      total 238080K, used 223232K [0x0000000782400000, 0x000000079b200000, 0x00000007c0000000)
  eden space 223232K, 100% used [0x0000000782400000,0x000000078fe00000,0x000000078fe00000)
  from space 14848K, 0% used [0x000000078fe00000,0x000000078fe00000,0x0000000790c80000)
  to   space 14848K, 0% used [0x000000079a380000,0x000000079a380000,0x000000079b200000)
 ParOldGen       total 105472K, used 16120K [0x0000000706c00000, 0x000000070d300000, 0x0000000782400000)
  object space 105472K, 15% used [0x0000000706c00000,0x0000000707bbe0d0,0x000000070d300000)
 Metaspace       used 41561K, capacity 42084K, committed 42368K, reserved 1085440K
  class space    used 5309K, capacity 5465K, committed 5504K, reserved 1048576K
Event: 36.118 GC heap after
Heap after GC invocations=10 (full 2):
 PSYoungGen      total 390144K, used 14838K [0x0000000782400000, 0x000000079bc00000, 0x00000007c0000000)
  eden space 375296K, 0% used [0x0000000782400000,0x0000000782400000,0x0000000799280000)
  from space 14848K, 99% used [0x000000079a380000,0x000000079b1fd808,0x000000079b200000)
  to   space 17408K, 0% used [0x0000000799280000,0x0000000799280000,0x000000079a380000)
 ParOldGen       total 105472K, used 18390K [0x0000000706c00000, 0x000000070d300000, 0x0000000782400000)
  object space 105472K, 17% used [0x0000000706c00000,0x0000000707df59b8,0x000000070d300000)
 Metaspace       used 41561K, capacity 42084K, committed 42368K, reserved 1085440K
  class space    used 5309K, capacity 5465K, committed 5504K, reserved 1048576K
}
Event: 56.387 GC heap before
{Heap before GC invocations=11 (full 2):
 PSYoungGen      total 390144K, used 390134K [0x0000000782400000, 0x000000079bc00000, 0x00000007c0000000)
  eden space 375296K, 100% used [0x0000000782400000,0x0000000799280000,0x0000000799280000)
  from space 14848K, 99% used [0x000000079a380000,0x000000079b1fd808,0x000000079b200000)
  to   space 17408K, 0% used [0x0000000799280000,0x0000000799280000,0x000000079a380000)
 ParOldGen       total 105472K, used 18390K [0x0000000706c00000, 0x000000070d300000, 0x0000000782400000)
  object space 105472K, 17% used [0x0000000706c00000,0x0000000707df59b8,0x000000070d300000)
 Metaspace       used 45487K, capacity 46142K, committed 46464K, reserved 1089536K
  class space    used 5827K, capacity 5993K, committed 6016K, reserved 1048576K
Event: 56.526 GC heap after
Heap after GC invocations=11 (full 2):
 PSYoungGen      total 392704K, used 17405K [0x0000000782400000, 0x00000007a4f00000, 0x00000007c0000000)
  eden space 375296K, 0% used [0x0000000782400000,0x0000000782400000,0x0000000799280000)
  from space 17408K, 99% used [0x0000000799280000,0x000000079a37f5d0,0x000000079a380000)
  to   space 22016K, 0% used [0x00000007a3980000,0x00000007a3980000,0x00000007a4f00000)
 ParOldGen       total 105472K, used 24899K [0x0000000706c00000, 0x000000070d300000, 0x0000000782400000)
  object space 105472K, 23% used [0x0000000706c00000,0x0000000708450e68,0x000000070d300000)
 Metaspace       used 45487K, capacity 46142K, committed 46464K, reserved 1089536K
  class space    used 5827K, capacity 5993K, committed 6016K, reserved 1048576K
}
Event: 69.725 GC heap before
{Heap before GC invocations=12 (full 2):
 PSYoungGen      total 392704K, used 392701K [0x0000000782400000, 0x00000007a4f00000, 0x00000007c0000000)
  eden space 375296K, 100% used [0x0000000782400000,0x0000000799280000,0x0000000799280000)
  from space 17408K, 99% used [0x0000000799280000,0x000000079a37f5d0,0x000000079a380000)
  to   space 22016K, 0% used [0x00000007a3980000,0x00000007a3980000,0x00000007a4f00000)
 ParOldGen       total 105472K, used 24899K [0x0000000706c00000, 0x000000070d300000, 0x0000000782400000)
  object space 105472K, 23% used [0x0000000706c00000,0x0000000708450e68,0x000000070d300000)
 Metaspace       used 48946K, capacity 49812K, committed 50048K, reserved 1093632K
  class space    used 6266K, capacity 6482K, committed 6528K, reserved 1048576K
Event: 69.844 GC heap after
Heap after GC invocations=12 (full 2):
 PSYoungGen      total 534528K, used 22008K [0x0000000782400000, 0x00000007a4f00000, 0x00000007c0000000)
  eden space 512512K, 0% used [0x0000000782400000,0x0000000782400000,0x00000007a1880000)
  from space 22016K, 99% used [0x00000007a3980000,0x00000007a4efe2d0,0x00000007a4f00000)
  to   space 25600K, 0% used [0x00000007a1d00000,0x00000007a1d00000,0x00000007a3600000)
 ParOldGen       total 105472K, used 27548K [0x0000000706c00000, 0x000000070d300000, 0x0000000782400000)
  object space 105472K, 26% used [0x0000000706c00000,0x00000007086e7288,0x000000070d300000)
 Metaspace       used 48946K, capacity 49812K, committed 50048K, reserved 1093632K
  class space    used 6266K, capacity 6482K, committed 6528K, reserved 1048576K
}

